{"C:\\Users\\chamu\\OneDrive\\Documents\\Github\\fullstack-open-2023\\part5\\notes\\notes5-frontend\\src\\App.jsx": {"path":"C:\\Users\\chamu\\OneDrive\\Documents\\Github\\fullstack-open-2023\\part5\\notes\\notes5-frontend\\src\\App.jsx","statementMap":{"0":{"start":{"line":11,"column":12},"end":{"line":181,"column":1}},"1":{"start":{"line":12,"column":30},"end":{"line":12,"column":42}},"2":{"start":{"line":13,"column":34},"end":{"line":13,"column":46}},"3":{"start":{"line":14,"column":34},"end":{"line":14,"column":48}},"4":{"start":{"line":15,"column":44},"end":{"line":15,"column":58}},"5":{"start":{"line":16,"column":36},"end":{"line":16,"column":48}},"6":{"start":{"line":17,"column":36},"end":{"line":17,"column":48}},"7":{"start":{"line":18,"column":28},"end":{"line":18,"column":42}},"8":{"start":{"line":19,"column":44},"end":{"line":19,"column":59}},"9":{"start":{"line":20,"column":24},"end":{"line":20,"column":32}},"10":{"start":{"line":22,"column":4},"end":{"line":26,"column":11}},"11":{"start":{"line":23,"column":8},"end":{"line":25,"column":11}},"12":{"start":{"line":24,"column":12},"end":{"line":24,"column":35}},"13":{"start":{"line":28,"column":4},"end":{"line":35,"column":11}},"14":{"start":{"line":29,"column":31},"end":{"line":29,"column":79}},"15":{"start":{"line":30,"column":8},"end":{"line":34,"column":9}},"16":{"start":{"line":31,"column":25},"end":{"line":31,"column":51}},"17":{"start":{"line":32,"column":12},"end":{"line":32,"column":26}},"18":{"start":{"line":33,"column":12},"end":{"line":33,"column":45}},"19":{"start":{"line":37,"column":20},"end":{"line":43,"column":5}},"20":{"start":{"line":38,"column":8},"end":{"line":38,"column":47}},"21":{"start":{"line":39,"column":8},"end":{"line":42,"column":11}},"22":{"start":{"line":40,"column":12},"end":{"line":40,"column":49}},"23":{"start":{"line":41,"column":12},"end":{"line":41,"column":27}},"24":{"start":{"line":45,"column":29},"end":{"line":47,"column":5}},"25":{"start":{"line":46,"column":8},"end":{"line":46,"column":39}},"26":{"start":{"line":49,"column":31},"end":{"line":70,"column":5}},"27":{"start":{"line":50,"column":21},"end":{"line":50,"column":51}},"28":{"start":{"line":50,"column":39},"end":{"line":50,"column":50}},"29":{"start":{"line":51,"column":28},"end":{"line":51,"column":67}},"30":{"start":{"line":52,"column":8},"end":{"line":52,"column":26}},"31":{"start":{"line":53,"column":8},"end":{"line":69,"column":15}},"32":{"start":{"line":56,"column":16},"end":{"line":60,"column":18}},"33":{"start":{"line":58,"column":24},"end":{"line":58,"column":76}},"34":{"start":{"line":63,"column":16},"end":{"line":65,"column":18}},"35":{"start":{"line":66,"column":16},"end":{"line":68,"column":25}},"36":{"start":{"line":67,"column":20},"end":{"line":67,"column":42}},"37":{"start":{"line":72,"column":19},"end":{"line":76,"column":5}},"38":{"start":{"line":73,"column":8},"end":{"line":73,"column":31}},"39":{"start":{"line":74,"column":8},"end":{"line":74,"column":22}},"40":{"start":{"line":75,"column":8},"end":{"line":75,"column":67}},"41":{"start":{"line":78,"column":24},"end":{"line":103,"column":5}},"42":{"start":{"line":79,"column":8},"end":{"line":79,"column":31}},"43":{"start":{"line":80,"column":8},"end":{"line":80,"column":59}},"44":{"start":{"line":82,"column":8},"end":{"line":102,"column":9}},"45":{"start":{"line":83,"column":25},"end":{"line":86,"column":14}},"46":{"start":{"line":88,"column":12},"end":{"line":91,"column":14}},"47":{"start":{"line":93,"column":12},"end":{"line":93,"column":45}},"48":{"start":{"line":94,"column":12},"end":{"line":94,"column":26}},"49":{"start":{"line":95,"column":12},"end":{"line":95,"column":28}},"50":{"start":{"line":96,"column":12},"end":{"line":96,"column":28}},"51":{"start":{"line":98,"column":12},"end":{"line":98,"column":47}},"52":{"start":{"line":99,"column":12},"end":{"line":101,"column":21}},"53":{"start":{"line":100,"column":16},"end":{"line":100,"column":38}},"54":{"start":{"line":105,"column":22},"end":{"line":133,"column":5}},"55":{"start":{"line":106,"column":32},"end":{"line":106,"column":71}},"56":{"start":{"line":107,"column":32},"end":{"line":107,"column":71}},"57":{"start":{"line":108,"column":8},"end":{"line":132,"column":10}},"58":{"start":{"line":111,"column":43},"end":{"line":111,"column":64}},"59":{"start":{"line":120,"column":28},"end":{"line":120,"column":53}},"60":{"start":{"line":123,"column":28},"end":{"line":123,"column":53}},"61":{"start":{"line":127,"column":43},"end":{"line":127,"column":65}},"62":{"start":{"line":135,"column":21},"end":{"line":139,"column":5}},"63":{"start":{"line":136,"column":8},"end":{"line":138,"column":20}},"64":{"start":{"line":141,"column":24},"end":{"line":143,"column":48}},"65":{"start":{"line":143,"column":33},"end":{"line":143,"column":47}},"66":{"start":{"line":144,"column":4},"end":{"line":180,"column":6}},"67":{"start":{"line":161,"column":39},"end":{"line":161,"column":59}},"68":{"start":{"line":167,"column":20},"end":{"line":171,"column":22}},"69":{"start":{"line":170,"column":48},"end":{"line":170,"column":75}}},"fnMap":{"0":{"name":"(anonymous_0)","decl":{"start":{"line":11,"column":12},"end":{"line":11,"column":13}},"loc":{"start":{"line":11,"column":18},"end":{"line":181,"column":1}},"line":11},"1":{"name":"(anonymous_1)","decl":{"start":{"line":22,"column":14},"end":{"line":22,"column":15}},"loc":{"start":{"line":22,"column":20},"end":{"line":26,"column":5}},"line":22},"2":{"name":"(anonymous_2)","decl":{"start":{"line":23,"column":34},"end":{"line":23,"column":35}},"loc":{"start":{"line":23,"column":52},"end":{"line":25,"column":9}},"line":23},"3":{"name":"(anonymous_3)","decl":{"start":{"line":28,"column":14},"end":{"line":28,"column":15}},"loc":{"start":{"line":28,"column":20},"end":{"line":35,"column":5}},"line":28},"4":{"name":"(anonymous_4)","decl":{"start":{"line":37,"column":20},"end":{"line":37,"column":21}},"loc":{"start":{"line":37,"column":36},"end":{"line":43,"column":5}},"line":37},"5":{"name":"(anonymous_5)","decl":{"start":{"line":39,"column":44},"end":{"line":39,"column":45}},"loc":{"start":{"line":39,"column":62},"end":{"line":42,"column":9}},"line":39},"6":{"name":"(anonymous_6)","decl":{"start":{"line":45,"column":29},"end":{"line":45,"column":30}},"loc":{"start":{"line":45,"column":40},"end":{"line":47,"column":5}},"line":45},"7":{"name":"(anonymous_7)","decl":{"start":{"line":49,"column":31},"end":{"line":49,"column":32}},"loc":{"start":{"line":49,"column":39},"end":{"line":70,"column":5}},"line":49},"8":{"name":"(anonymous_8)","decl":{"start":{"line":50,"column":32},"end":{"line":50,"column":33}},"loc":{"start":{"line":50,"column":39},"end":{"line":50,"column":50}},"line":50},"9":{"name":"(anonymous_9)","decl":{"start":{"line":55,"column":18},"end":{"line":55,"column":19}},"loc":{"start":{"line":55,"column":36},"end":{"line":61,"column":13}},"line":55},"10":{"name":"(anonymous_10)","decl":{"start":{"line":57,"column":30},"end":{"line":57,"column":31}},"loc":{"start":{"line":58,"column":24},"end":{"line":58,"column":76}},"line":58},"11":{"name":"(anonymous_11)","decl":{"start":{"line":62,"column":19},"end":{"line":62,"column":20}},"loc":{"start":{"line":62,"column":30},"end":{"line":69,"column":13}},"line":62},"12":{"name":"(anonymous_12)","decl":{"start":{"line":66,"column":27},"end":{"line":66,"column":28}},"loc":{"start":{"line":66,"column":33},"end":{"line":68,"column":17}},"line":66},"13":{"name":"(anonymous_13)","decl":{"start":{"line":72,"column":19},"end":{"line":72,"column":20}},"loc":{"start":{"line":72,"column":25},"end":{"line":76,"column":5}},"line":72},"14":{"name":"(anonymous_14)","decl":{"start":{"line":78,"column":24},"end":{"line":78,"column":25}},"loc":{"start":{"line":78,"column":41},"end":{"line":103,"column":5}},"line":78},"15":{"name":"(anonymous_15)","decl":{"start":{"line":99,"column":23},"end":{"line":99,"column":24}},"loc":{"start":{"line":99,"column":29},"end":{"line":101,"column":13}},"line":99},"16":{"name":"(anonymous_16)","decl":{"start":{"line":105,"column":22},"end":{"line":105,"column":23}},"loc":{"start":{"line":105,"column":28},"end":{"line":133,"column":5}},"line":105},"17":{"name":"(anonymous_17)","decl":{"start":{"line":111,"column":37},"end":{"line":111,"column":38}},"loc":{"start":{"line":111,"column":43},"end":{"line":111,"column":64}},"line":111},"18":{"name":"(anonymous_18)","decl":{"start":{"line":119,"column":46},"end":{"line":119,"column":47}},"loc":{"start":{"line":120,"column":28},"end":{"line":120,"column":53}},"line":120},"19":{"name":"(anonymous_19)","decl":{"start":{"line":122,"column":46},"end":{"line":122,"column":47}},"loc":{"start":{"line":123,"column":28},"end":{"line":123,"column":53}},"line":123},"20":{"name":"(anonymous_20)","decl":{"start":{"line":127,"column":37},"end":{"line":127,"column":38}},"loc":{"start":{"line":127,"column":43},"end":{"line":127,"column":65}},"line":127},"21":{"name":"(anonymous_21)","decl":{"start":{"line":135,"column":21},"end":{"line":135,"column":22}},"loc":{"start":{"line":136,"column":8},"end":{"line":138,"column":20}},"line":136},"22":{"name":"(anonymous_22)","decl":{"start":{"line":143,"column":23},"end":{"line":143,"column":24}},"loc":{"start":{"line":143,"column":33},"end":{"line":143,"column":47}},"line":143},"23":{"name":"(anonymous_23)","decl":{"start":{"line":161,"column":33},"end":{"line":161,"column":34}},"loc":{"start":{"line":161,"column":39},"end":{"line":161,"column":59}},"line":161},"24":{"name":"(anonymous_24)","decl":{"start":{"line":166,"column":34},"end":{"line":166,"column":35}},"loc":{"start":{"line":167,"column":20},"end":{"line":171,"column":22}},"line":167},"25":{"name":"(anonymous_25)","decl":{"start":{"line":170,"column":42},"end":{"line":170,"column":43}},"loc":{"start":{"line":170,"column":48},"end":{"line":170,"column":75}},"line":170}},"branchMap":{"0":{"loc":{"start":{"line":30,"column":8},"end":{"line":34,"column":9}},"type":"if","locations":[{"start":{"line":30,"column":8},"end":{"line":34,"column":9}},{"start":{},"end":{}}],"line":30},"1":{"loc":{"start":{"line":58,"column":24},"end":{"line":58,"column":76}},"type":"cond-expr","locations":[{"start":{"line":58,"column":57},"end":{"line":58,"column":61}},{"start":{"line":58,"column":64},"end":{"line":58,"column":76}}],"line":58},"2":{"loc":{"start":{"line":106,"column":43},"end":{"line":106,"column":69}},"type":"cond-expr","locations":[{"start":{"line":106,"column":58},"end":{"line":106,"column":64}},{"start":{"line":106,"column":67},"end":{"line":106,"column":69}}],"line":106},"3":{"loc":{"start":{"line":107,"column":43},"end":{"line":107,"column":69}},"type":"cond-expr","locations":[{"start":{"line":107,"column":58},"end":{"line":107,"column":60}},{"start":{"line":107,"column":63},"end":{"line":107,"column":69}}],"line":107},"4":{"loc":{"start":{"line":141,"column":24},"end":{"line":143,"column":48}},"type":"cond-expr","locations":[{"start":{"line":142,"column":10},"end":{"line":142,"column":15}},{"start":{"line":143,"column":10},"end":{"line":143,"column":48}}],"line":141},"5":{"loc":{"start":{"line":148,"column":13},"end":{"line":148,"column":33}},"type":"binary-expr","locations":[{"start":{"line":148,"column":13},"end":{"line":148,"column":18}},{"start":{"line":148,"column":22},"end":{"line":148,"column":33}}],"line":148},"6":{"loc":{"start":{"line":149,"column":13},"end":{"line":154,"column":13}},"type":"binary-expr","locations":[{"start":{"line":149,"column":13},"end":{"line":149,"column":17}},{"start":{"line":150,"column":16},"end":{"line":153,"column":22}}],"line":149},"7":{"loc":{"start":{"line":155,"column":13},"end":{"line":159,"column":13}},"type":"binary-expr","locations":[{"start":{"line":155,"column":13},"end":{"line":155,"column":17}},{"start":{"line":156,"column":16},"end":{"line":158,"column":25}}],"line":155},"8":{"loc":{"start":{"line":162,"column":26},"end":{"line":162,"column":55}},"type":"cond-expr","locations":[{"start":{"line":162,"column":36},"end":{"line":162,"column":47}},{"start":{"line":162,"column":50},"end":{"line":162,"column":55}}],"line":162}},"s":{"0":0,"1":0,"2":0,"3":0,"4":0,"5":0,"6":0,"7":0,"8":0,"9":0,"10":0,"11":0,"12":0,"13":0,"14":0,"15":0,"16":0,"17":0,"18":0,"19":0,"20":0,"21":0,"22":0,"23":0,"24":0,"25":0,"26":0,"27":0,"28":0,"29":0,"30":0,"31":0,"32":0,"33":0,"34":0,"35":0,"36":0,"37":0,"38":0,"39":0,"40":0,"41":0,"42":0,"43":0,"44":0,"45":0,"46":0,"47":0,"48":0,"49":0,"50":0,"51":0,"52":0,"53":0,"54":0,"55":0,"56":0,"57":0,"58":0,"59":0,"60":0,"61":0,"62":0,"63":0,"64":0,"65":0,"66":0,"67":0,"68":0,"69":0},"f":{"0":0,"1":0,"2":0,"3":0,"4":0,"5":0,"6":0,"7":0,"8":0,"9":0,"10":0,"11":0,"12":0,"13":0,"14":0,"15":0,"16":0,"17":0,"18":0,"19":0,"20":0,"21":0,"22":0,"23":0,"24":0,"25":0},"b":{"0":[0,0],"1":[0,0],"2":[0,0],"3":[0,0],"4":[0,0],"5":[0,0],"6":[0,0],"7":[0,0],"8":[0,0]}}
,"C:\\Users\\chamu\\OneDrive\\Documents\\Github\\fullstack-open-2023\\part5\\notes\\notes5-frontend\\src\\main.jsx": {"path":"C:\\Users\\chamu\\OneDrive\\Documents\\Github\\fullstack-open-2023\\part5\\notes\\notes5-frontend\\src\\main.jsx","statementMap":{"0":{"start":{"line":5,"column":0},"end":{"line":5,"column":69}}},"fnMap":{},"branchMap":{},"s":{"0":0},"f":{},"b":{}}
,"C:\\Users\\chamu\\OneDrive\\Documents\\Github\\fullstack-open-2023\\part5\\notes\\notes5-frontend\\src\\components\\Footer.jsx": {"path":"C:\\Users\\chamu\\OneDrive\\Documents\\Github\\fullstack-open-2023\\part5\\notes\\notes5-frontend\\src\\components\\Footer.jsx","statementMap":{"0":{"start":{"line":1,"column":15},"end":{"line":17,"column":1}},"1":{"start":{"line":2,"column":24},"end":{"line":6,"column":5}},"2":{"start":{"line":8,"column":4},"end":{"line":16,"column":6}}},"fnMap":{"0":{"name":"(anonymous_0)","decl":{"start":{"line":1,"column":15},"end":{"line":1,"column":16}},"loc":{"start":{"line":1,"column":21},"end":{"line":17,"column":1}},"line":1}},"branchMap":{},"s":{"0":0,"1":0,"2":0},"f":{"0":0},"b":{}}
,"C:\\Users\\chamu\\OneDrive\\Documents\\Github\\fullstack-open-2023\\part5\\notes\\notes5-frontend\\src\\components\\LoginForm.jsx": {"path":"C:\\Users\\chamu\\OneDrive\\Documents\\Github\\fullstack-open-2023\\part5\\notes\\notes5-frontend\\src\\components\\LoginForm.jsx","statementMap":{"0":{"start":{"line":2,"column":18},"end":{"line":35,"column":1}},"1":{"start":{"line":9,"column":2},"end":{"line":34,"column":3}},"2":{"start":{"line":39,"column":0},"end":{"line":45,"column":1}}},"fnMap":{"0":{"name":"(anonymous_0)","decl":{"start":{"line":2,"column":18},"end":{"line":2,"column":19}},"loc":{"start":{"line":8,"column":6},"end":{"line":35,"column":1}},"line":8}},"branchMap":{},"s":{"0":0,"1":0,"2":0},"f":{"0":0},"b":{}}
,"C:\\Users\\chamu\\OneDrive\\Documents\\Github\\fullstack-open-2023\\part5\\notes\\notes5-frontend\\src\\components\\Note.jsx": {"path":"C:\\Users\\chamu\\OneDrive\\Documents\\Github\\fullstack-open-2023\\part5\\notes\\notes5-frontend\\src\\components\\Note.jsx","statementMap":{"0":{"start":{"line":1,"column":13},"end":{"line":10,"column":1}},"1":{"start":{"line":2,"column":18},"end":{"line":2,"column":74}},"2":{"start":{"line":4,"column":4},"end":{"line":9,"column":6}}},"fnMap":{"0":{"name":"(anonymous_0)","decl":{"start":{"line":1,"column":13},"end":{"line":1,"column":14}},"loc":{"start":{"line":1,"column":45},"end":{"line":10,"column":1}},"line":1}},"branchMap":{"0":{"loc":{"start":{"line":2,"column":18},"end":{"line":2,"column":74}},"type":"cond-expr","locations":[{"start":{"line":2,"column":35},"end":{"line":2,"column":55}},{"start":{"line":2,"column":58},"end":{"line":2,"column":74}}],"line":2}},"s":{"0":1,"1":1,"2":1},"f":{"0":1},"b":{"0":[1,0]},"_coverageSchema":"1a1c01bbd47fc00a2c39e90264f33305004495a9","hash":"f2c4b4dd5f50e27a7c2a20d8f656608dc79b278e"}
,"C:\\Users\\chamu\\OneDrive\\Documents\\Github\\fullstack-open-2023\\part5\\notes\\notes5-frontend\\src\\components\\NoteForm.jsx": {"path":"C:\\Users\\chamu\\OneDrive\\Documents\\Github\\fullstack-open-2023\\part5\\notes\\notes5-frontend\\src\\components\\NoteForm.jsx","statementMap":{"0":{"start":{"line":3,"column":17},"end":{"line":30,"column":1}},"1":{"start":{"line":4,"column":34},"end":{"line":4,"column":46}},"2":{"start":{"line":6,"column":20},"end":{"line":14,"column":5}},"3":{"start":{"line":7,"column":8},"end":{"line":7,"column":31}},"4":{"start":{"line":8,"column":8},"end":{"line":11,"column":11}},"5":{"start":{"line":13,"column":8},"end":{"line":13,"column":23}},"6":{"start":{"line":16,"column":4},"end":{"line":29,"column":6}},"7":{"start":{"line":23,"column":41},"end":{"line":23,"column":71}}},"fnMap":{"0":{"name":"(anonymous_0)","decl":{"start":{"line":3,"column":17},"end":{"line":3,"column":18}},"loc":{"start":{"line":3,"column":37},"end":{"line":30,"column":1}},"line":3},"1":{"name":"(anonymous_1)","decl":{"start":{"line":6,"column":20},"end":{"line":6,"column":21}},"loc":{"start":{"line":6,"column":31},"end":{"line":14,"column":5}},"line":6},"2":{"name":"(anonymous_2)","decl":{"start":{"line":23,"column":30},"end":{"line":23,"column":31}},"loc":{"start":{"line":23,"column":41},"end":{"line":23,"column":71}},"line":23}},"branchMap":{},"s":{"0":1,"1":19,"2":19,"3":1,"4":1,"5":1,"6":19,"7":17},"f":{"0":19,"1":1,"2":17},"b":{},"_coverageSchema":"1a1c01bbd47fc00a2c39e90264f33305004495a9","hash":"2e4dbc32a5b2d4680d35ec6f124977808bc5c030"}
,"C:\\Users\\chamu\\OneDrive\\Documents\\Github\\fullstack-open-2023\\part5\\notes\\notes5-frontend\\src\\components\\Notification.jsx": {"path":"C:\\Users\\chamu\\OneDrive\\Documents\\Github\\fullstack-open-2023\\part5\\notes\\notes5-frontend\\src\\components\\Notification.jsx","statementMap":{"0":{"start":{"line":1,"column":21},"end":{"line":11,"column":3}},"1":{"start":{"line":2,"column":4},"end":{"line":4,"column":5}},"2":{"start":{"line":3,"column":6},"end":{"line":3,"column":17}},"3":{"start":{"line":6,"column":4},"end":{"line":10,"column":5}}},"fnMap":{"0":{"name":"(anonymous_0)","decl":{"start":{"line":1,"column":21},"end":{"line":1,"column":22}},"loc":{"start":{"line":1,"column":38},"end":{"line":11,"column":3}},"line":1}},"branchMap":{"0":{"loc":{"start":{"line":2,"column":4},"end":{"line":4,"column":5}},"type":"if","locations":[{"start":{"line":2,"column":4},"end":{"line":4,"column":5}},{"start":{},"end":{}}],"line":2}},"s":{"0":0,"1":0,"2":0,"3":0},"f":{"0":0},"b":{"0":[0,0]}}
,"C:\\Users\\chamu\\OneDrive\\Documents\\Github\\fullstack-open-2023\\part5\\notes\\notes5-frontend\\src\\components\\Togglable.jsx": {"path":"C:\\Users\\chamu\\OneDrive\\Documents\\Github\\fullstack-open-2023\\part5\\notes\\notes5-frontend\\src\\components\\Togglable.jsx","statementMap":{"0":{"start":{"line":4,"column":18},"end":{"line":31,"column":2}},"1":{"start":{"line":5,"column":34},"end":{"line":5,"column":49}},"2":{"start":{"line":7,"column":28},"end":{"line":7,"column":62}},"3":{"start":{"line":8,"column":28},"end":{"line":8,"column":62}},"4":{"start":{"line":10,"column":29},"end":{"line":12,"column":5}},"5":{"start":{"line":11,"column":8},"end":{"line":11,"column":29}},"6":{"start":{"line":14,"column":4},"end":{"line":18,"column":7}},"7":{"start":{"line":15,"column":8},"end":{"line":17,"column":10}},"8":{"start":{"line":20,"column":4},"end":{"line":30,"column":6}},"9":{"start":{"line":33,"column":0},"end":{"line":33,"column":36}},"10":{"start":{"line":37,"column":0},"end":{"line":39,"column":2}}},"fnMap":{"0":{"name":"(anonymous_0)","decl":{"start":{"line":4,"column":29},"end":{"line":4,"column":30}},"loc":{"start":{"line":4,"column":46},"end":{"line":31,"column":1}},"line":4},"1":{"name":"(anonymous_1)","decl":{"start":{"line":10,"column":29},"end":{"line":10,"column":30}},"loc":{"start":{"line":10,"column":35},"end":{"line":12,"column":5}},"line":10},"2":{"name":"(anonymous_2)","decl":{"start":{"line":14,"column":30},"end":{"line":14,"column":31}},"loc":{"start":{"line":14,"column":36},"end":{"line":18,"column":5}},"line":14}},"branchMap":{"0":{"loc":{"start":{"line":7,"column":39},"end":{"line":7,"column":60}},"type":"cond-expr","locations":[{"start":{"line":7,"column":49},"end":{"line":7,"column":55}},{"start":{"line":7,"column":58},"end":{"line":7,"column":60}}],"line":7},"1":{"loc":{"start":{"line":8,"column":39},"end":{"line":8,"column":60}},"type":"cond-expr","locations":[{"start":{"line":8,"column":49},"end":{"line":8,"column":51}},{"start":{"line":8,"column":54},"end":{"line":8,"column":60}}],"line":8}},"s":{"0":1,"1":4,"2":4,"3":4,"4":4,"5":1,"6":4,"7":0,"8":4,"9":1,"10":1},"f":{"0":4,"1":1,"2":0},"b":{"0":[1,3],"1":[1,3]},"_coverageSchema":"1a1c01bbd47fc00a2c39e90264f33305004495a9","hash":"9a8b13b37bb4b766bce6328abf7b738fa093f182"}
,"C:\\Users\\chamu\\OneDrive\\Documents\\Github\\fullstack-open-2023\\part5\\notes\\notes5-frontend\\src\\services\\config.js": {"path":"C:\\Users\\chamu\\OneDrive\\Documents\\Github\\fullstack-open-2023\\part5\\notes\\notes5-frontend\\src\\services\\config.js","statementMap":{"0":{"start":{"line":2,"column":4},"end":{"line":4,"column":33}},"1":{"start":{"line":5,"column":0},"end":{"line":5,"column":34}}},"fnMap":{},"branchMap":{"0":{"loc":{"start":{"line":2,"column":4},"end":{"line":4,"column":33}},"type":"cond-expr","locations":[{"start":{"line":3,"column":10},"end":{"line":3,"column":46}},{"start":{"line":4,"column":10},"end":{"line":4,"column":33}}],"line":2}},"s":{"0":0,"1":0},"f":{},"b":{"0":[0,0]}}
,"C:\\Users\\chamu\\OneDrive\\Documents\\Github\\fullstack-open-2023\\part5\\notes\\notes5-frontend\\src\\services\\login.js": {"path":"C:\\Users\\chamu\\OneDrive\\Documents\\Github\\fullstack-open-2023\\part5\\notes\\notes5-frontend\\src\\services\\login.js","statementMap":{"0":{"start":{"line":4,"column":16},"end":{"line":4,"column":48}},"1":{"start":{"line":6,"column":14},"end":{"line":13,"column":1}},"2":{"start":{"line":7,"column":4},"end":{"line":7,"column":25}},"3":{"start":{"line":8,"column":21},"end":{"line":8,"column":59}},"4":{"start":{"line":9,"column":4},"end":{"line":9,"column":26}},"5":{"start":{"line":10,"column":4},"end":{"line":10,"column":31}},"6":{"start":{"line":11,"column":4},"end":{"line":11,"column":31}},"7":{"start":{"line":12,"column":4},"end":{"line":12,"column":25}}},"fnMap":{"0":{"name":"(anonymous_0)","decl":{"start":{"line":6,"column":14},"end":{"line":6,"column":15}},"loc":{"start":{"line":6,"column":37},"end":{"line":13,"column":1}},"line":6}},"branchMap":{},"s":{"0":0,"1":0,"2":0,"3":0,"4":0,"5":0,"6":0,"7":0},"f":{"0":0},"b":{}}
,"C:\\Users\\chamu\\OneDrive\\Documents\\Github\\fullstack-open-2023\\part5\\notes\\notes5-frontend\\src\\services\\notes.js": {"path":"C:\\Users\\chamu\\OneDrive\\Documents\\Github\\fullstack-open-2023\\part5\\notes\\notes5-frontend\\src\\services\\notes.js","statementMap":{"0":{"start":{"line":4,"column":16},"end":{"line":4,"column":48}},"1":{"start":{"line":6,"column":12},"end":{"line":6,"column":16}},"2":{"start":{"line":8,"column":17},"end":{"line":10,"column":1}},"3":{"start":{"line":9,"column":4},"end":{"line":9,"column":33}},"4":{"start":{"line":12,"column":15},"end":{"line":15,"column":1}},"5":{"start":{"line":13,"column":20},"end":{"line":13,"column":38}},"6":{"start":{"line":14,"column":4},"end":{"line":14,"column":53}},"7":{"start":{"line":14,"column":38},"end":{"line":14,"column":51}},"8":{"start":{"line":17,"column":15},"end":{"line":23,"column":1}},"9":{"start":{"line":18,"column":19},"end":{"line":20,"column":5}},"10":{"start":{"line":21,"column":21},"end":{"line":21,"column":65}},"11":{"start":{"line":22,"column":4},"end":{"line":22,"column":25}},"12":{"start":{"line":25,"column":15},"end":{"line":28,"column":1}},"13":{"start":{"line":26,"column":20},"end":{"line":26,"column":60}},"14":{"start":{"line":27,"column":4},"end":{"line":27,"column":53}},"15":{"start":{"line":27,"column":38},"end":{"line":27,"column":51}},"16":{"start":{"line":30,"column":19},"end":{"line":33,"column":1}},"17":{"start":{"line":31,"column":20},"end":{"line":31,"column":52}},"18":{"start":{"line":32,"column":4},"end":{"line":32,"column":53}},"19":{"start":{"line":32,"column":38},"end":{"line":32,"column":51}}},"fnMap":{"0":{"name":"(anonymous_0)","decl":{"start":{"line":8,"column":17},"end":{"line":8,"column":18}},"loc":{"start":{"line":8,"column":31},"end":{"line":10,"column":1}},"line":8},"1":{"name":"(anonymous_1)","decl":{"start":{"line":12,"column":15},"end":{"line":12,"column":16}},"loc":{"start":{"line":12,"column":21},"end":{"line":15,"column":1}},"line":12},"2":{"name":"(anonymous_2)","decl":{"start":{"line":14,"column":24},"end":{"line":14,"column":25}},"loc":{"start":{"line":14,"column":38},"end":{"line":14,"column":51}},"line":14},"3":{"name":"(anonymous_3)","decl":{"start":{"line":17,"column":15},"end":{"line":17,"column":16}},"loc":{"start":{"line":17,"column":36},"end":{"line":23,"column":1}},"line":17},"4":{"name":"(anonymous_4)","decl":{"start":{"line":25,"column":15},"end":{"line":25,"column":16}},"loc":{"start":{"line":25,"column":34},"end":{"line":28,"column":1}},"line":25},"5":{"name":"(anonymous_5)","decl":{"start":{"line":27,"column":24},"end":{"line":27,"column":25}},"loc":{"start":{"line":27,"column":38},"end":{"line":27,"column":51}},"line":27},"6":{"name":"(anonymous_6)","decl":{"start":{"line":30,"column":19},"end":{"line":30,"column":20}},"loc":{"start":{"line":30,"column":27},"end":{"line":33,"column":1}},"line":30},"7":{"name":"(anonymous_7)","decl":{"start":{"line":32,"column":24},"end":{"line":32,"column":25}},"loc":{"start":{"line":32,"column":38},"end":{"line":32,"column":51}},"line":32}},"branchMap":{},"s":{"0":0,"1":0,"2":0,"3":0,"4":0,"5":0,"6":0,"7":0,"8":0,"9":0,"10":0,"11":0,"12":0,"13":0,"14":0,"15":0,"16":0,"17":0,"18":0,"19":0},"f":{"0":0,"1":0,"2":0,"3":0,"4":0,"5":0,"6":0,"7":0},"b":{}}
}
